Traceback (most recent call last):
  File "/Users/godfreybeddard/Library/Python/3.8/lib/python/site-packages/jupyter_cache/executors/utils.py", line 51, in single_nb_execution
    executenb(
  File "/Users/godfreybeddard/Library/Python/3.8/lib/python/site-packages/nbclient/client.py", line 1093, in execute
    return NotebookClient(nb=nb, resources=resources, km=km, **kwargs).execute()
  File "/Users/godfreybeddard/Library/Python/3.8/lib/python/site-packages/nbclient/util.py", line 84, in wrapped
    return just_run(coro(*args, **kwargs))
  File "/Users/godfreybeddard/Library/Python/3.8/lib/python/site-packages/nbclient/util.py", line 62, in just_run
    return loop.run_until_complete(coro)
  File "/Applications/Xcode.app/Contents/Developer/Library/Frameworks/Python3.framework/Versions/3.8/lib/python3.8/asyncio/base_events.py", line 616, in run_until_complete
    return future.result()
  File "/Users/godfreybeddard/Library/Python/3.8/lib/python/site-packages/nbclient/client.py", line 559, in async_execute
    await self.async_execute_cell(
  File "/Users/godfreybeddard/Library/Python/3.8/lib/python/site-packages/nbclient/client.py", line 854, in async_execute_cell
    self._check_raise_for_error(cell, exec_reply)
  File "/Users/godfreybeddard/Library/Python/3.8/lib/python/site-packages/nbclient/client.py", line 756, in _check_raise_for_error
    raise CellExecutionError.from_cell_and_msg(cell, exec_reply_content)
nbclient.exceptions.CellExecutionError: An error occurred while executing the following cell:
------------------
aprob(N/p,p,N),N*p
------------------

[0;31m---------------------------------------------------------------------------[0m
[0;31mOverflowError[0m                             Traceback (most recent call last)
[0;32m/var/folders/gn/whk4pp2x4kz_ftg0b1ycmh340000gn/T/ipykernel_11709/1307462478.py[0m in [0;36m<module>[0;34m[0m
[0;32m----> 1[0;31m [0maprob[0m[0;34m([0m[0mN[0m[0;34m/[0m[0mp[0m[0;34m,[0m[0mp[0m[0;34m,[0m[0mN[0m[0;34m)[0m[0;34m,[0m[0mN[0m[0;34m*[0m[0mp[0m[0;34m[0m[0;34m[0m[0m
[0m
[0;32m/var/folders/gn/whk4pp2x4kz_ftg0b1ycmh340000gn/T/ipykernel_11709/130631515.py[0m in [0;36m<lambda>[0;34m(n, p, N)[0m
[1;32m     13[0m     [0;32mreturn[0m [0mnp[0m[0;34m.[0m[0mexp[0m[0;34m([0m [0mn[0m[0;34m*[0m[0mnp[0m[0;34m.[0m[0mlog[0m[0;34m([0m[0mn[0m[0;34m)[0m  [0;34m-[0m [0mn[0m [0;34m+[0m[0;34m([0m[0;36m1[0m[0;34m/[0m[0;36m6[0m[0;34m)[0m[0;34m*[0m[0mnp[0m[0;34m.[0m[0mlog[0m[0;34m([0m[0;36m8[0m[0;34m*[0m[0mn[0m[0;34m**[0m[0;36m3[0m[0;34m+[0m[0;36m4[0m[0;34m*[0m[0mn[0m[0;34m**[0m[0;36m2[0m[0;34m+[0m[0mn[0m[0;34m+[0m[0;36m1[0m[0;34m/[0m[0;36m30[0m[0;34m)[0m [0;34m+[0m [0;36m0.5[0m[0;34m*[0m[0mnp[0m[0;34m.[0m[0mlog[0m[0;34m([0m [0mnp[0m[0;34m.[0m[0mpi[0m [0;34m)[0m [0;34m)[0m[0;31m# Ramanujan[0m[0;34m[0m[0;34m[0m[0m
[1;32m     14[0m [0;34m[0m[0m
[0;32m---> 15[0;31m [0maprob[0m [0;34m=[0m [0;32mlambda[0m [0mn[0m[0;34m,[0m[0mp[0m[0;34m,[0m[0mN[0m [0;34m:[0m[0mp[0m[0;34m*[0m[0;34m([0m[0mn[0m[0;34m*[0m[0mp[0m[0;34m)[0m[0;34m**[0m[0;34m([0m [0mN[0m[0;34m-[0m[0;36m1[0m [0;34m)[0m[0;34m*[0m[0mnp[0m[0;34m.[0m[0mexp[0m[0;34m([0m[0;34m-[0m[0mn[0m[0;34m*[0m[0mp[0m[0;34m)[0m[0;34m/[0m[0mafact[0m[0;34m([0m [0mN[0m[0;34m-[0m[0;36m1[0m [0;34m)[0m[0;34m[0m[0;34m[0m[0m
[0m[1;32m     16[0m [0;34m[0m[0m
[1;32m     17[0m [0;32mdef[0m [0mprob[0m[0;34m([0m[0mn[0m[0;34m,[0m[0mp[0m[0;34m,[0m[0mN[0m[0;34m)[0m[0;34m:[0m  [0;31m# do this way to reduce large numbers[0m[0;34m[0m[0;34m[0m[0m

[0;31mOverflowError[0m: (34, 'Result too large')
OverflowError: (34, 'Result too large')

